2024-11-14 11:10:14 INFO  o.s.b.t.c.SpringBootTestContextBootstrapper - Neither @ContextConfiguration nor @ContextHierarchy found for test class [com.fenoreste_alestra.EmisorAdquirienteApplicationTests], using SpringBootContextLoader
2024-11-14 11:10:14 INFO  o.s.t.c.s.AbstractContextLoader - Could not detect default resource locations for test class [com.fenoreste_alestra.EmisorAdquirienteApplicationTests]: no resource found for suffixes {-context.xml, Context.groovy}.
2024-11-14 11:10:14 INFO  o.s.t.c.s.AnnotationConfigContextLoaderUtils - Could not detect default configuration classes for test class [com.fenoreste_alestra.EmisorAdquirienteApplicationTests]: EmisorAdquirienteApplicationTests does not declare any static, non-private, non-final, nested classes annotated with @Configuration.
2024-11-14 11:10:15 INFO  o.s.b.t.c.SpringBootTestContextBootstrapper - Found @SpringBootConfiguration com.fenoreste_alestra.EmisorAdquirienteApplication for test class com.fenoreste_alestra.EmisorAdquirienteApplicationTests
2024-11-14 11:10:15 INFO  o.s.b.t.c.SpringBootTestContextBootstrapper - Loaded default TestExecutionListener class names from location [META-INF/spring.factories]: [org.springframework.boot.test.mock.mockito.MockitoTestExecutionListener, org.springframework.boot.test.mock.mockito.ResetMocksTestExecutionListener, org.springframework.boot.test.autoconfigure.restdocs.RestDocsTestExecutionListener, org.springframework.boot.test.autoconfigure.web.client.MockRestServiceServerResetTestExecutionListener, org.springframework.boot.test.autoconfigure.web.servlet.MockMvcPrintOnlyOnFailureTestExecutionListener, org.springframework.boot.test.autoconfigure.web.servlet.WebDriverTestExecutionListener, org.springframework.boot.test.autoconfigure.webservices.client.MockWebServiceServerTestExecutionListener, org.springframework.test.context.web.ServletTestExecutionListener, org.springframework.test.context.support.DirtiesContextBeforeModesTestExecutionListener, org.springframework.test.context.event.ApplicationEventsTestExecutionListener, org.springframework.test.context.support.DependencyInjectionTestExecutionListener, org.springframework.test.context.support.DirtiesContextTestExecutionListener, org.springframework.test.context.transaction.TransactionalTestExecutionListener, org.springframework.test.context.jdbc.SqlScriptsTestExecutionListener, org.springframework.test.context.event.EventPublishingTestExecutionListener]
2024-11-14 11:10:15 INFO  o.s.b.t.c.SpringBootTestContextBootstrapper - Using TestExecutionListeners: [org.springframework.test.context.web.ServletTestExecutionListener@5082d622, org.springframework.test.context.support.DirtiesContextBeforeModesTestExecutionListener@13d4992d, org.springframework.test.context.event.ApplicationEventsTestExecutionListener@302f7971, org.springframework.boot.test.mock.mockito.MockitoTestExecutionListener@332729ad, org.springframework.boot.test.autoconfigure.SpringBootDependencyInjectionTestExecutionListener@75d2da2d, org.springframework.test.context.support.DirtiesContextTestExecutionListener@4278284b, org.springframework.test.context.transaction.TransactionalTestExecutionListener@9573584, org.springframework.test.context.jdbc.SqlScriptsTestExecutionListener@3370f42, org.springframework.test.context.event.EventPublishingTestExecutionListener@6057aebb, org.springframework.boot.test.mock.mockito.ResetMocksTestExecutionListener@63eef88a, org.springframework.boot.test.autoconfigure.restdocs.RestDocsTestExecutionListener@53251a66, org.springframework.boot.test.autoconfigure.web.client.MockRestServiceServerResetTestExecutionListener@6853425f, org.springframework.boot.test.autoconfigure.web.servlet.MockMvcPrintOnlyOnFailureTestExecutionListener@352c1b98, org.springframework.boot.test.autoconfigure.web.servlet.WebDriverTestExecutionListener@21129f1f, org.springframework.boot.test.autoconfigure.webservices.client.MockWebServiceServerTestExecutionListener@5a9f4771]
2024-11-14 11:10:15 INFO  o.h.validator.internal.util.Version - HV000001: Hibernate Validator 6.2.0.Final
2024-11-14 11:10:15 INFO  c.f.EmisorAdquirienteApplicationTests - Starting EmisorAdquirienteApplicationTests using Java 1.8.0_231 on DESKTOP-LGL3QCN with PID 10464 (started by Will in D:\Proyectos_Fenoreste\EmisorAdquiriente)
2024-11-14 11:10:15 DEBUG c.f.EmisorAdquirienteApplicationTests - Running with Spring Boot v2.6.3, Spring v5.3.15
2024-11-14 11:10:15 INFO  c.f.EmisorAdquirienteApplicationTests - No active profile set, falling back to default profiles: default
2024-11-14 11:10:15 INFO  o.s.d.r.c.RepositoryConfigurationDelegate - Bootstrapping Spring Data JPA repositories in DEFAULT mode.
2024-11-14 11:10:15 INFO  o.s.d.r.c.RepositoryConfigurationDelegate - Finished Spring Data repository scanning in 71 ms. Found 17 JPA repository interfaces.
2024-11-14 11:10:16 INFO  o.s.c.s.PostProcessorRegistrationDelegate$BeanPostProcessorChecker - Bean 'org.springframework.ws.config.annotation.DelegatingWsConfiguration' of type [org.springframework.ws.config.annotation.DelegatingWsConfiguration$$EnhancerBySpringCGLIB$$c4db6aa] is not eligible for getting processed by all BeanPostProcessors (for example: not eligible for auto-proxying)
2024-11-14 11:10:16 INFO  o.s.w.s.a.s.AnnotationActionEndpointMapping - Supporting [WS-Addressing August 2004, WS-Addressing 1.0]
2024-11-14 11:10:16 INFO  o.h.jpa.internal.util.LogHelper - HHH000204: Processing PersistenceUnitInfo [name: default]
2024-11-14 11:10:16 INFO  org.hibernate.Version - HHH000412: Hibernate ORM core version 5.6.4.Final
2024-11-14 11:10:16 INFO  o.h.annotations.common.Version - HCANN000001: Hibernate Commons Annotations {5.1.2.Final}
2024-11-14 11:10:19 INFO  org.hibernate.dialect.Dialect - HHH000400: Using dialect: org.hibernate.dialect.PostgreSQLDialect
2024-11-14 11:10:19 INFO  o.h.e.t.j.p.i.JtaPlatformInitiator - HHH000490: Using JtaPlatform implementation: [org.hibernate.engine.transaction.jta.platform.internal.NoJtaPlatform]
2024-11-14 11:10:19 INFO  o.s.o.j.LocalContainerEntityManagerFactoryBean - Initialized JPA EntityManagerFactory for persistence unit 'default'
2024-11-14 11:10:21 INFO  o.a.c.w.s.f.ReflectionServiceFactoryBean - Creating Service {http://siscoop.endpoint.ws.syc.com/}SiscoopAlternativeEndpointService from class com.fenoreste_alestra.ws_client_tddImpl.SiscoopAlternativeEndpoint
2024-11-14 11:10:22 WARN  o.s.b.a.o.j.JpaBaseConfiguration$JpaWebConfiguration - spring.jpa.open-in-view is enabled by default. Therefore, database queries may be performed during view rendering. Explicitly configure spring.jpa.open-in-view to disable this warning
2024-11-14 11:10:23 INFO  c.f.EmisorAdquirienteApplicationTests - Started EmisorAdquirienteApplicationTests in 7.988 seconds (JVM running for 8.91)
2024-11-14 11:10:23 INFO  o.s.o.j.LocalContainerEntityManagerFactoryBean - Closing JPA EntityManagerFactory for persistence unit 'default'
